[2024-12-18T19:37:12.199513+00:00] cjdropshipping.INFO: Warning: .env file not found at: C:\wamp64\www\cjdropshipping\vendor\lenspc\cj-dropshipping\src\Auth/../.env [] []
[2024-12-18T19:37:12.201873+00:00] cjdropshipping.INFO: Authenticator initialized with API URL:  [] []
[2024-12-18T19:37:12.202636+00:00] cjdropshipping.INFO: Access token missing or expired. Refreshing or fetching new token... [] []
[2024-12-18T19:37:12.212388+00:00] cjdropshipping.ERROR: Error: cURL error 3: URL rejected: No host part in the URL (see https://curl.haxx.se/libcurl/c/libcurl-errors.html) for /authentication/refreshAccessToken [] []
[2024-12-18T19:45:27.331607+00:00] cjdropshipping.INFO: Warning: .env file not found at: C:\wamp64\www\cjdropshipping\vendor\lenspc\cj-dropshipping\src\Auth/../.env [] []
[2024-12-18T19:45:27.335666+00:00] cjdropshipping.INFO: Error: API URL is not set. [] []
[2024-12-18T19:45:55.992630+00:00] cjdropshipping.INFO: Warning: .env file not found at: C:\wamp64\www\cjdropshipping\vendor\lenspc\cj-dropshipping\src\Auth/../.env [] []
[2024-12-18T19:45:55.995612+00:00] cjdropshipping.INFO: Error: API URL is not set. [] []
[2024-12-18T19:45:57.018153+00:00] cjdropshipping.INFO: Warning: .env file not found at: C:\wamp64\www\cjdropshipping\vendor\lenspc\cj-dropshipping\src\Auth/../.env [] []
[2024-12-18T19:45:57.020171+00:00] cjdropshipping.INFO: Error: API URL is not set. [] []
[2024-12-18T19:50:26.306520+00:00] cjdropshipping.INFO: Warning: .env file not found at: C:\wamp64\www\cjdropshipping\vendor\lenspc\cj-dropshipping\src\Auth/../.env [] []
[2024-12-18T19:50:26.309155+00:00] cjdropshipping.INFO: Error: API URL is not set. [] []
[2024-12-18T19:50:27.881840+00:00] cjdropshipping.INFO: Warning: .env file not found at: C:\wamp64\www\cjdropshipping\vendor\lenspc\cj-dropshipping\src\Auth/../.env [] []
[2024-12-18T19:50:27.883437+00:00] cjdropshipping.INFO: Error: API URL is not set. [] []
[2024-12-18T19:52:07.615076+00:00] cjdropshipping.INFO: Warning: .env file not found at: C:\wamp64\www\cjdropshipping\vendor\lenspc\cj-dropshipping\src\Auth/../.env [] []
[2024-12-18T19:52:07.617369+00:00] cjdropshipping.INFO: Using API URL: https://developers.cjdropshipping.com/api2.0/v1 [] []
[2024-12-18T19:52:07.618856+00:00] cjdropshipping.INFO: Authenticator initialized. [] []
[2024-12-18T19:52:24.422997+00:00] cjdropshipping.INFO: Warning: .env file not found at: C:\wamp64\www\cjdropshipping\vendor\lenspc\cj-dropshipping\src\Auth/../.env [] []
[2024-12-18T19:52:24.425866+00:00] cjdropshipping.INFO: Using API URL: https://developers.cjdropshipping.com/api2.0/v1 [] []
[2024-12-18T19:52:24.427173+00:00] cjdropshipping.INFO: Authenticator initialized. [] []
[2024-12-18T19:53:12.825530+00:00] cjdropshipping.INFO: Warning: .env file not found at: C:\wamp64\www\cjdropshipping\vendor\lenspc\cj-dropshipping\src\Auth/../.env [] []
[2024-12-18T19:53:12.828076+00:00] cjdropshipping.INFO: Using API URL: https://developers.cjdropshipping.com/api2.0/v1 [] []
[2024-12-18T19:53:12.828633+00:00] cjdropshipping.INFO: Authenticator initialized. [] []
[2024-12-18T19:53:38.910717+00:00] cjdropshipping.INFO: Warning: .env file not found at: C:\wamp64\www\cjdropshipping\vendor\lenspc\cj-dropshipping\src\Auth/../.env [] []
[2024-12-18T19:53:38.912297+00:00] cjdropshipping.INFO: Using API URL: https://developers.cjdropshipping.com/api2.0/v1 [] []
[2024-12-18T19:53:38.912926+00:00] cjdropshipping.INFO: Authenticator initialized. [] []
[2024-12-18T19:54:30.806359+00:00] cjdropshipping.INFO: Warning: .env file not found at: C:\wamp64\www\cjdropshipping\vendor\lenspc\cj-dropshipping\src\Auth/../.env [] []
[2024-12-18T19:54:30.809327+00:00] cjdropshipping.INFO: Using API URL: https://developers.cjdropshipping.com/api2.0/v1 [] []
[2024-12-18T19:54:30.810486+00:00] cjdropshipping.INFO: Authenticator initialized. [] []
[2024-12-18T19:54:32.071026+00:00] cjdropshipping.INFO: Warning: .env file not found at: C:\wamp64\www\cjdropshipping\vendor\lenspc\cj-dropshipping\src\Auth/../.env [] []
[2024-12-18T19:54:32.072471+00:00] cjdropshipping.INFO: Using API URL: https://developers.cjdropshipping.com/api2.0/v1 [] []
[2024-12-18T19:54:32.073301+00:00] cjdropshipping.INFO: Authenticator initialized. [] []
[2024-12-18T19:58:22.445953+00:00] cjdropshipping.INFO: Warning: .env file not found at: C:\wamp64\www\cjdropshipping\vendor\lenspc\cj-dropshipping\src\Auth/../.env [] []
[2024-12-18T19:58:22.448752+00:00] cjdropshipping.INFO: Using API URL: https://developers.cjdropshipping.com/api2.0/v1 [] []
[2024-12-18T19:58:22.449437+00:00] cjdropshipping.INFO: Authenticator initialized. [] []
[2024-12-18T20:00:34.928695+00:00] cjdropshipping.INFO: Warning: .env file not found at: C:\wamp64\www\cjdropshipping\vendor\lenspc\cj-dropshipping\src\Auth/../.env [] []
[2024-12-18T20:00:34.931352+00:00] cjdropshipping.INFO: Using API URL: https://developers.cjdropshipping.com/api2.0/v1 [] []
[2024-12-18T20:00:34.932037+00:00] cjdropshipping.INFO: Authenticator initialized. [] []
[2024-12-18T20:03:59.676825+00:00] cjdropshipping.INFO: Warning: .env file not found at: C:\wamp64\www\cjdropshipping\vendor\lenspc\cj-dropshipping\src\Auth/../.env [] []
[2024-12-18T20:03:59.679324+00:00] cjdropshipping.INFO: Using API URL: https://developers.cjdropshipping.com/api2.0/v1 [] []
[2024-12-18T20:03:59.679860+00:00] cjdropshipping.INFO: Authenticator initialized. [] []
[2024-12-18T20:08:39.981055+00:00] cjdropshipping.INFO: Warning: .env file not found at: C:\wamp64\www\cjdropshipping\vendor/.env [] []
[2024-12-18T20:08:39.985364+00:00] cjdropshipping.INFO: Using API URL: https://developers.cjdropshipping.com/api2.0/v1 [] []
[2024-12-18T20:08:39.986321+00:00] cjdropshipping.INFO: Authenticator initialized. [] []
[2024-12-18T20:08:59.670346+00:00] cjdropshipping.INFO: Warning: .env file not found at: C:\wamp64\www\cjdropshipping\vendor/.env [] []
[2024-12-18T20:08:59.673189+00:00] cjdropshipping.INFO: Using API URL: https://developers.cjdropshipping.com/api2.0/v1 [] []
[2024-12-18T20:08:59.673829+00:00] cjdropshipping.INFO: Authenticator initialized. [] []
[2024-12-18T20:09:01.095832+00:00] cjdropshipping.INFO: Warning: .env file not found at: C:\wamp64\www\cjdropshipping\vendor/.env [] []
[2024-12-18T20:09:01.098690+00:00] cjdropshipping.INFO: Using API URL: https://developers.cjdropshipping.com/api2.0/v1 [] []
[2024-12-18T20:09:01.099778+00:00] cjdropshipping.INFO: Authenticator initialized. [] []
